The target system is: Generic - 1 - 
The host system is: Windows - 10.0.22621 - AMD64
Compiling the C compiler identification source file "CMakeCCompilerId.c" succeeded.
Compiler: C:/MinGW/gcc-arm-none-eabi-10.3-2021.10/bin/arm-none-eabi-gcc.exe 
Build flags: 
Id flags: -c 

The output was:
0


Compilation of the C compiler identification source "CMakeCCompilerId.c" produced "CMakeCCompilerId.o"

The C compiler identification is GNU, found in "C:/Users/Whisky/CLionProjects/Project_STM32/STM32_F407_VET6/2021 年 校赛A题/Signal measure -main/cmake-build-default-mingw-stm32/CMakeFiles/3.17.5/CompilerIdC/CMakeCCompilerId.o"

Compiling the CXX compiler identification source file "CMakeCXXCompilerId.cpp" succeeded.
Compiler: C:/MinGW/gcc-arm-none-eabi-10.3-2021.10/bin/arm-none-eabi-g++.exe 
Build flags: 
Id flags: -c 

The output was:
0


Compilation of the CXX compiler identification source "CMakeCXXCompilerId.cpp" produced "CMakeCXXCompilerId.o"

The CXX compiler identification is GNU, found in "C:/Users/Whisky/CLionProjects/Project_STM32/STM32_F407_VET6/2021 年 校赛A题/Signal measure -main/cmake-build-default-mingw-stm32/CMakeFiles/3.17.5/CompilerIdCXX/CMakeCXXCompilerId.o"

Checking whether the ASM compiler is GNU using "--version" matched "(GNU assembler)|(GCC)|(Free Software Foundation)":
arm-none-eabi-gcc.exe (GNU Arm Embedded Toolchain 10.3-2021.10) 10.3.1 20210824 (release)
Copyright (C) 2020 Free Software Foundation, Inc.
This is free software; see the source for copying conditions.  There is NO
warranty; not even for MERCHANTABILITY or FITNESS FOR A PARTICULAR PURPOSE.

